<?xml version="1.0" encoding="UTF-8"?>
<coverage generated="1720575447951" clover="3.2.0">
  <project timestamp="1720575447951" name="All files">
    <metrics statements="5" coveredstatements="5" conditionals="0" coveredconditionals="0" methods="2" coveredmethods="2" elements="7" coveredelements="7" complexity="0" loc="5" ncloc="5" packages="1" files="1" classes="1"/>
    <file name="s3-wrapper.ts" path="D:\Python\workspace\src\github.com\icaroribeiro\coding-solutions\captura-de-nf\src\shared\infrastructure\aws\s3-wrapper.ts">
      <metrics statements="5" coveredstatements="5" conditionals="0" coveredconditionals="0" methods="2" coveredmethods="2"/>
      <line num="1" count="1" type="stmt"/>
      <line num="13" count="1" type="stmt"/>
      <line num="18" count="1" type="stmt"/>
      <line num="21" count="1" type="stmt"/>
      <line num="24" count="1" type="stmt"/>
    </file>
  </project>
</coverage>
