{"D:\\Python\\workspace\\src\\github.com\\icaroribeiro\\coding-solutions\\captura-de-nf\\src\\shared\\infrastructure\\aws\\s3-wrapper.ts": {"path":"D:\\Python\\workspace\\src\\github.com\\icaroribeiro\\coding-solutions\\captura-de-nf\\src\\shared\\infrastructure\\aws\\s3-wrapper.ts","statementMap":{"0":{"start":{"line":1,"column":0},"end":{"line":1,"column":null}},"1":{"start":{"line":18,"column":4},"end":{"line":18,"column":null}},"2":{"start":{"line":21,"column":21},"end":{"line":24,"column":58}},"3":{"start":{"line":24,"column":4},"end":{"line":24,"column":58}},"4":{"start":{"line":13,"column":0},"end":{"line":13,"column":13}}},"fnMap":{"0":{"name":"(anonymous_0)","decl":{"start":{"line":17,"column":2},"end":{"line":17,"column":14}},"loc":{"start":{"line":17,"column":25},"end":{"line":19,"column":3}}},"1":{"name":"(anonymous_1)","decl":{"start":{"line":21,"column":21},"end":{"line":21,"column":26}},"loc":{"start":{"line":24,"column":4},"end":{"line":24,"column":58}}}},"branchMap":{},"s":{"0":1,"1":1,"2":1,"3":1,"4":1},"f":{"0":1,"1":1},"b":{}}
}
